<?xml version="1.0" encoding="UTF-8"?>
<!-- Generated by org.testng.reporters.JUnitXMLReporter -->
<testsuite ignored="0" hostname="LAPREPOS-122s-MacBook-Pro.local" failures="0" tests="3" name="Default test" time="4.874" errors="0" timestamp="2025-06-08T17:11:36 IST">
  <testcase classname="files.DynamicJson1" name="addBook" time="4.45"/>
  <testcase classname="files.DynamicJson1" name="addBook" time="0.149"/>
  <testcase classname="files.DynamicJson1" name="addBook" time="0.175"/>
</testsuite> <!-- Default test -->
