<?xml version="1.0" encoding="UTF-8"?>
<testng-results ignored="0" total="3" passed="3" failed="0" skipped="0">
  <reporter-output>
  </reporter-output>
  <suite started-at="2025-06-08T17:11:26 IST" name="Default suite" finished-at="2025-06-08T17:11:31 IST" duration-ms="4874">
    <groups>
    </groups>
    <test started-at="2025-06-08T17:11:26 IST" name="Default test" finished-at="2025-06-08T17:11:31 IST" duration-ms="4874">
      <class name="files.DynamicJson1">
        <test-method signature="addBook(java.lang.String,java.lang.String)[pri:0, instance:files.DynamicJson1@2667f029]" started-at="2025-06-08T17:11:26 IST" name="addBook" data-provider="BooksData" finished-at="2025-06-08T17:11:31 IST" duration-ms="4450" status="PASS">
          <params>
            <param index="0">
              <value>
                <![CDATA[1233]]>
              </value>
            </param>
            <param index="1">
              <value>
                <![CDATA[eee]]>
              </value>
            </param>
          </params>
          <reporter-output>
          </reporter-output>
        </test-method> <!-- addBook -->
        <test-method signature="addBook(java.lang.String,java.lang.String)[pri:0, instance:files.DynamicJson1@2667f029]" started-at="2025-06-08T17:11:31 IST" name="addBook" data-provider="BooksData" finished-at="2025-06-08T17:11:31 IST" duration-ms="149" status="PASS">
          <params>
            <param index="0">
              <value>
                <![CDATA[2424]]>
              </value>
            </param>
            <param index="1">
              <value>
                <![CDATA[wee]]>
              </value>
            </param>
          </params>
          <reporter-output>
          </reporter-output>
        </test-method> <!-- addBook -->
        <test-method signature="addBook(java.lang.String,java.lang.String)[pri:0, instance:files.DynamicJson1@2667f029]" started-at="2025-06-08T17:11:31 IST" name="addBook" data-provider="BooksData" finished-at="2025-06-08T17:11:31 IST" duration-ms="175" status="PASS">
          <params>
            <param index="0">
              <value>
                <![CDATA[222]]>
              </value>
            </param>
            <param index="1">
              <value>
                <![CDATA[erfff]]>
              </value>
            </param>
          </params>
          <reporter-output>
          </reporter-output>
        </test-method> <!-- addBook -->
      </class> <!-- files.DynamicJson1 -->
    </test> <!-- Default test -->
  </suite> <!-- Default suite -->
</testng-results>
